q:\i\development\freelance\2024\sdl game\sdl-game-development build\alien attack\src\alien attack\debug\vc143.pdb
q:\i\development\freelance\2024\sdl game\sdl-game-development build\alien attack\src\alien attack\debug\vc143.idb
q:\i\development\freelance\2024\sdl game\sdl-game-development build\alien attack\src\alien attack\debug\objectlayer.obj
q:\i\development\freelance\2024\sdl game\sdl-game-development build\alien attack\src\alien attack\debug\menubutton.obj
q:\i\development\freelance\2024\sdl game\sdl-game-development build\alien attack\src\alien attack\debug\maploader.obj
q:\i\development\freelance\2024\sdl game\sdl-game-development build\alien attack\src\alien attack\debug\mainmenustate.obj
q:\i\development\freelance\2024\sdl game\sdl-game-development build\alien attack\src\alien attack\debug\main.obj
q:\i\development\freelance\2024\sdl game\sdl-game-development build\alien attack\src\alien attack\debug\levelparser.obj
q:\i\development\freelance\2024\sdl game\sdl-game-development build\alien attack\src\alien attack\debug\level.obj
q:\i\development\freelance\2024\sdl game\sdl-game-development build\alien attack\src\alien attack\debug\inputhandler.obj
q:\i\development\freelance\2024\sdl game\sdl-game-development build\alien attack\src\alien attack\debug\gamestatemachine.obj
q:\i\development\freelance\2024\sdl game\sdl-game-development build\alien attack\src\alien attack\debug\gameoverstate.obj
q:\i\development\freelance\2024\sdl game\sdl-game-development build\alien attack\src\alien attack\debug\gameobjectfactory.obj
q:\i\development\freelance\2024\sdl game\sdl-game-development build\alien attack\src\alien attack\debug\game.obj
q:\i\development\freelance\2024\sdl game\sdl-game-development build\alien attack\src\alien attack\debug\collisionmanager.obj
q:\i\development\freelance\2024\sdl game\sdl-game-development build\alien attack\src\alien attack\debug\bullethandler.obj
q:\i\development\freelance\2024\sdl game\sdl-game-development build\alien attack\src\alien attack\debug\base64.obj
q:\i\development\freelance\2024\sdl game\sdl-game-development build\alien attack\src\alien attack\debug\animatedgraphic.obj
q:\i\development\freelance\2024\sdl game\sdl-game-development build\alien attack\src\alien attack\debug\tinyxmlparser.obj
q:\i\development\freelance\2024\sdl game\sdl-game-development build\alien attack\src\alien attack\debug\tinyxmlerror.obj
q:\i\development\freelance\2024\sdl game\sdl-game-development build\alien attack\src\alien attack\debug\tinyxml.obj
q:\i\development\freelance\2024\sdl game\sdl-game-development build\alien attack\src\alien attack\debug\tinystr.obj
q:\i\development\freelance\2024\sdl game\sdl-game-development build\alien attack\src\alien attack\debug\tilelayer.obj
q:\i\development\freelance\2024\sdl game\sdl-game-development build\alien attack\src\alien attack\debug\texturemanager.obj
q:\i\development\freelance\2024\sdl game\sdl-game-development build\alien attack\src\alien attack\debug\stateparser.obj
q:\i\development\freelance\2024\sdl game\sdl-game-development build\alien attack\src\alien attack\debug\soundmanager.obj
q:\i\development\freelance\2024\sdl game\sdl-game-development build\alien attack\src\alien attack\debug\shooterobject.obj
q:\i\development\freelance\2024\sdl game\sdl-game-development build\alien attack\src\alien attack\debug\scrollingbackground.obj
q:\i\development\freelance\2024\sdl game\sdl-game-development build\alien attack\src\alien attack\debug\playstate.obj
q:\i\development\freelance\2024\sdl game\sdl-game-development build\alien attack\src\alien attack\debug\player.obj
q:\i\development\freelance\2024\sdl game\sdl-game-development build\alien attack\src\alien attack\debug\pausestate.obj
q:\i\development\freelance\2024\sdl game\sdl-game-development build\alien attack\src\debug\alien attack.pdb
q:\i\development\freelance\2024\sdl game\sdl-game-development build\alien attack\src\alien attack\debug\alien attack.tlog\cl.command.1.tlog
q:\i\development\freelance\2024\sdl game\sdl-game-development build\alien attack\src\alien attack\debug\alien attack.tlog\cl.read.1.tlog
q:\i\development\freelance\2024\sdl game\sdl-game-development build\alien attack\src\alien attack\debug\alien attack.tlog\cl.write.1.tlog
q:\i\development\freelance\2024\sdl game\sdl-game-development build\alien attack\src\alien attack\debug\alien attack.tlog\link-cvtres.read.1.tlog
q:\i\development\freelance\2024\sdl game\sdl-game-development build\alien attack\src\alien attack\debug\alien attack.tlog\link-cvtres.write.1.tlog
q:\i\development\freelance\2024\sdl game\sdl-game-development build\alien attack\src\alien attack\debug\alien attack.tlog\link-rc.read.1.tlog
q:\i\development\freelance\2024\sdl game\sdl-game-development build\alien attack\src\alien attack\debug\alien attack.tlog\link-rc.write.1.tlog
q:\i\development\freelance\2024\sdl game\sdl-game-development build\alien attack\src\alien attack\debug\alien attack.tlog\link.command.1.tlog
q:\i\development\freelance\2024\sdl game\sdl-game-development build\alien attack\src\alien attack\debug\alien attack.tlog\link.read.1.tlog
q:\i\development\freelance\2024\sdl game\sdl-game-development build\alien attack\src\alien attack\debug\alien attack.tlog\link.write.1.tlog
